Copyright 1986-2014 Xilinx, Inc. All Rights Reserved.
-------------------------------------------------------------------------------------------------------------------------------------
| Tool Version : Vivado v.2014.2 (win64) Build 928826 Thu Jun  5 18:17:50 MDT 2014
| Date         : Sat Jun 07 13:01:28 2014
| Host         : XCOJAMESM22 running 64-bit Service Pack 1  (build 7601)
| Command      : report_utilization -file xilinx_pcie_2_1_ep_7x_utilization_synth.rpt -pb xilinx_pcie_2_1_ep_7x_utilization_synth.pb
| Design       : xilinx_pcie_2_1_ep_7x
| Device       : xc7k325t
| Design State : Synthesized
-------------------------------------------------------------------------------------------------------------------------------------

Utilization Design Information

Table of Contents
-----------------
1. Slice Logic
2. Memory
3. DSP
4. IO and GT Specific
5. Clocking
6. Specific Feature
7. Primitives
8. Black Boxes
9. Instantiated Netlists

1. Slice Logic
--------------

+-------------------------+------+-------+-----------+-------+
|        Site Type        | Used | Fixed | Available | Util% |
+-------------------------+------+-------+-----------+-------+
| Slice LUTs*             |  344 |     0 |    203800 |  0.16 |
|   LUT as Logic          |  344 |     0 |    203800 |  0.16 |
|   LUT as Memory         |    0 |     0 |     64000 |  0.00 |
| Slice Registers         |  367 |     0 |    407600 |  0.09 |
|   Register as Flip Flop |  367 |     0 |    407600 |  0.09 |
|   Register as Latch     |    0 |     0 |    407600 |  0.00 |
| F7 Muxes                |    0 |     0 |    101900 |  0.00 |
| F8 Muxes                |    0 |     0 |     50950 |  0.00 |
+-------------------------+------+-------+-----------+-------+
* Warning! The Final LUT count, after physical optimizations and full implementation, is typically lower. Run opt_design after synthesis, if not already completed, for a more realistic count.


2. Memory
---------

+-------------------+------+-------+-----------+-------+
|     Site Type     | Used | Fixed | Available | Util% |
+-------------------+------+-------+-----------+-------+
| Block RAM Tile    |    4 |     0 |       445 |  0.89 |
|   RAMB36/FIFO*    |    4 |     0 |       445 |  0.89 |
|     RAMB36E1 only |    4 |       |           |       |
|   RAMB18          |    0 |     0 |       890 |  0.00 |
+-------------------+------+-------+-----------+-------+
* Note: Each Block RAM Tile only has one FIFO logic available and therefore can accommodate only one FIFO36E1 or one FIFO18E1. However, if a FIFO18E1 occupies a Block RAM Tile, that tile can still accommodate a RAMB18E1


3. DSP
------

+-----------+------+-------+-----------+-------+
| Site Type | Used | Fixed | Available | Util% |
+-----------+------+-------+-----------+-------+
| DSPs      |    0 |     0 |       840 |  0.00 |
+-----------+------+-------+-----------+-------+


4. IO and GT Specific
---------------------

+-----------------------------+------+-------+-----------+-------+
|          Site Type          | Used | Fixed | Available | Util% |
+-----------------------------+------+-------+-----------+-------+
| Bonded IOB                  |    6 |     0 |       500 |  1.20 |
| Bonded IPADs                |    2 |     0 |        50 |  4.00 |
| Bonded OPADs                |    0 |     0 |        32 |  0.00 |
| PHY_CONTROL                 |    0 |     0 |        10 |  0.00 |
| PHASER_REF                  |    0 |     0 |        10 |  0.00 |
| OUT_FIFO                    |    0 |     0 |        40 |  0.00 |
| IN_FIFO                     |    0 |     0 |        40 |  0.00 |
| IDELAYCTRL                  |    0 |     0 |        10 |  0.00 |
| IBUFGDS                     |    0 |     0 |       480 |  0.00 |
| GTXE2_CHANNEL               |    0 |     0 |        16 |  0.00 |
| PHASER_OUT/PHASER_OUT_PHY   |    0 |     0 |        40 |  0.00 |
| PHASER_IN/PHASER_IN_PHY     |    0 |     0 |        40 |  0.00 |
| IDELAYE2/IDELAYE2_FINEDELAY |    0 |     0 |       500 |  0.00 |
| ODELAYE2/ODELAYE2_FINEDELAY |    0 |     0 |       150 |  0.00 |
| IBUFDS_GTE2                 |    1 |     0 |         8 | 12.50 |
| ILOGIC                      |    0 |     0 |       500 |  0.00 |
| OLOGIC                      |    0 |     0 |       500 |  0.00 |
+-----------------------------+------+-------+-----------+-------+


5. Clocking
-----------

+------------+------+-------+-----------+-------+
|  Site Type | Used | Fixed | Available | Util% |
+------------+------+-------+-----------+-------+
| BUFGCTRL   |    5 |     0 |        32 | 15.62 |
| BUFIO      |    0 |     0 |        40 |  0.00 |
| MMCME2_ADV |    1 |     0 |        10 | 10.00 |
| PLLE2_ADV  |    0 |     0 |        10 |  0.00 |
| BUFMRCE    |    0 |     0 |        20 |  0.00 |
| BUFHCE     |    0 |     0 |       168 |  0.00 |
| BUFR       |    0 |     0 |        40 |  0.00 |
+------------+------+-------+-----------+-------+


6. Specific Feature
-------------------

+-------------+------+-------+-----------+-------+
|  Site Type  | Used | Fixed | Available | Util% |
+-------------+------+-------+-----------+-------+
| BSCANE2     |    0 |     0 |         4 |  0.00 |
| CAPTUREE2   |    0 |     0 |         1 |  0.00 |
| DNA_PORT    |    0 |     0 |         1 |  0.00 |
| EFUSE_USR   |    0 |     0 |         1 |  0.00 |
| FRAME_ECCE2 |    0 |     0 |         1 |  0.00 |
| ICAPE2      |    0 |     0 |         2 |  0.00 |
| PCIE_2_1    |    0 |     0 |         1 |  0.00 |
| STARTUPE2   |    0 |     0 |         1 |  0.00 |
| XADC        |    0 |     0 |         1 |  0.00 |
+-------------+------+-------+-----------+-------+


7. Primitives
-------------

+-------------+------+---------------------+
|   Ref Name  | Used | Functional Category |
+-------------+------+---------------------+
| FDRE        |  365 |        Flop & Latch |
| LUT6        |  105 |                 LUT |
| LUT4        |   89 |                 LUT |
| LUT5        |   84 |                 LUT |
| LUT3        |   46 |                 LUT |
| LUT1        |   29 |                 LUT |
| LUT2        |   28 |                 LUT |
| CARRY4      |    7 |          CarryLogic |
| RAMB36E1    |    4 |        Block Memory |
| OBUF        |    4 |                  IO |
| IBUF        |    4 |                  IO |
| BUFG        |    4 |               Clock |
| FDSE        |    2 |        Flop & Latch |
| MMCME2_ADV  |    1 |               Clock |
| IBUFDS_GTE2 |    1 |                  IO |
| BUFGCTRL    |    1 |               Clock |
+-------------+------+---------------------+


8. Black Boxes
--------------

+--------------------+------+
|      Ref Name      | Used |
+--------------------+------+
| kc705_pcie_x8_gen2 |    1 |
+--------------------+------+


9. Instantiated Netlists
------------------------

+----------+------+
| Ref Name | Used |
+----------+------+


