Copyright 1986-2014 Xilinx, Inc. All Rights Reserved.
-------------------------------------------------------------------------------------------------------------------
| Tool Version : Vivado v.2014.2 (win64) Build 932637 Wed Jun 11 13:33:10 MDT 2014
| Date         : Thu Aug 27 16:53:15 2015
| Host         : radar-PC running 64-bit Service Pack 1  (build 7601)
| Command      : report_utilization -file KC705_fmc150_utilization_synth.rpt -pb KC705_fmc150_utilization_synth.pb
| Design       : KC705_fmc150
| Device       : xc7k325t
| Design State : Synthesized
-------------------------------------------------------------------------------------------------------------------

Utilization Design Information

Table of Contents
-----------------
1. Slice Logic
2. Memory
3. DSP
4. IO and GT Specific
5. Clocking
6. Specific Feature
7. Primitives
8. Black Boxes
9. Instantiated Netlists

1. Slice Logic
--------------

+----------------------------+------+-------+-----------+-------+
|          Site Type         | Used | Fixed | Available | Util% |
+----------------------------+------+-------+-----------+-------+
| Slice LUTs*                | 2894 |     0 |    203800 |  1.42 |
|   LUT as Logic             | 2680 |     0 |    203800 |  1.31 |
|   LUT as Memory            |  214 |     0 |     64000 |  0.33 |
|     LUT as Distributed RAM |    0 |     0 |           |       |
|     LUT as Shift Register  |  214 |     0 |           |       |
| Slice Registers            | 4618 |     0 |    407600 |  1.13 |
|   Register as Flip Flop    | 4603 |     0 |    407600 |  1.12 |
|   Register as Latch        |   15 |     0 |    407600 | <0.01 |
| F7 Muxes                   |   50 |     0 |    101900 |  0.04 |
| F8 Muxes                   |    9 |     0 |     50950 |  0.01 |
+----------------------------+------+-------+-----------+-------+
* Warning! The Final LUT count, after physical optimizations and full implementation, is typically lower. Run opt_design after synthesis, if not already completed, for a more realistic count.


2. Memory
---------

+-------------------+------+-------+-----------+-------+
|     Site Type     | Used | Fixed | Available | Util% |
+-------------------+------+-------+-----------+-------+
| Block RAM Tile    |  5.5 |     0 |       445 |  1.23 |
|   RAMB36/FIFO*    |    5 |     0 |       445 |  1.12 |
|     RAMB36E1 only |    5 |       |           |       |
|   RAMB18          |    1 |     0 |       890 |  0.11 |
|     RAMB18E1 only |    1 |       |           |       |
+-------------------+------+-------+-----------+-------+
* Note: Each Block RAM Tile only has one FIFO logic available and therefore can accommodate only one FIFO36E1 or one FIFO18E1. However, if a FIFO18E1 occupies a Block RAM Tile, that tile can still accommodate a RAMB18E1


3. DSP
------

+-----------+------+-------+-----------+-------+
| Site Type | Used | Fixed | Available | Util% |
+-----------+------+-------+-----------+-------+
| DSPs      |    0 |     0 |       840 |  0.00 |
+-----------+------+-------+-----------+-------+


4. IO and GT Specific
---------------------

+-----------------------------+------+-------+-----------+-------+
|          Site Type          | Used | Fixed | Available | Util% |
+-----------------------------+------+-------+-----------+-------+
| Bonded IOB                  |   93 |     0 |       500 | 18.60 |
| Bonded IPADs                |    0 |     0 |        50 |  0.00 |
| Bonded OPADs                |    0 |     0 |        32 |  0.00 |
| PHY_CONTROL                 |    0 |     0 |        10 |  0.00 |
| PHASER_REF                  |    0 |     0 |        10 |  0.00 |
| OUT_FIFO                    |    0 |     0 |        40 |  0.00 |
| IN_FIFO                     |    0 |     0 |        40 |  0.00 |
| IDELAYCTRL                  |    1 |     0 |        10 | 10.00 |
| IBUFGDS                     |    0 |     0 |       480 |  0.00 |
| GTXE2_CHANNEL               |    0 |     0 |        16 |  0.00 |
| PHASER_OUT/PHASER_OUT_PHY   |    0 |     0 |        40 |  0.00 |
| PHASER_IN/PHASER_IN_PHY     |    0 |     0 |        40 |  0.00 |
| IDELAYE2/IDELAYE2_FINEDELAY |   15 |     0 |       500 |  3.00 |
|   IDELAYE2 only             |   15 |     0 |           |       |
| ODELAYE2/ODELAYE2_FINEDELAY |    0 |     0 |       150 |  0.00 |
| IBUFDS_GTE2                 |    0 |     0 |         8 |  0.00 |
| ILOGIC                      |   14 |     0 |       500 |  2.80 |
|   ISERDES                   |   14 |       |           |       |
| OLOGIC                      |   10 |     0 |       500 |  2.00 |
|   OSERDES                   |   10 |       |           |       |
+-----------------------------+------+-------+-----------+-------+


5. Clocking
-----------

+------------+------+-------+-----------+-------+
|  Site Type | Used | Fixed | Available | Util% |
+------------+------+-------+-----------+-------+
| BUFGCTRL   |   12 |     0 |        32 | 37.50 |
| BUFIO      |    0 |     0 |        40 |  0.00 |
| MMCME2_ADV |    2 |     0 |        10 | 20.00 |
| PLLE2_ADV  |    0 |     0 |        10 |  0.00 |
| BUFMRCE    |    0 |     0 |        20 |  0.00 |
| BUFHCE     |    0 |     0 |       168 |  0.00 |
| BUFR       |    0 |     0 |        40 |  0.00 |
+------------+------+-------+-----------+-------+


6. Specific Feature
-------------------

+-------------+------+-------+-----------+-------+
|  Site Type  | Used | Fixed | Available | Util% |
+-------------+------+-------+-----------+-------+
| BSCANE2     |    0 |     0 |         4 |  0.00 |
| CAPTUREE2   |    0 |     0 |         1 |  0.00 |
| DNA_PORT    |    0 |     0 |         1 |  0.00 |
| EFUSE_USR   |    0 |     0 |         1 |  0.00 |
| FRAME_ECCE2 |    0 |     0 |         1 |  0.00 |
| ICAPE2      |    0 |     0 |         2 |  0.00 |
| PCIE_2_1    |    0 |     0 |         1 |  0.00 |
| STARTUPE2   |    0 |     0 |         1 |  0.00 |
| XADC        |    0 |     0 |         1 |  0.00 |
+-------------+------+-------+-----------+-------+


7. Primitives
-------------

+------------+------+---------------------+
|  Ref Name  | Used | Functional Category |
+------------+------+---------------------+
| FDRE       | 3333 |        Flop & Latch |
| FDCE       | 1151 |        Flop & Latch |
| LUT6       |  991 |                 LUT |
| LUT3       |  521 |                 LUT |
| LUT4       |  451 |                 LUT |
| LUT5       |  399 |                 LUT |
| LUT1       |  386 |                 LUT |
| LUT2       |  375 |                 LUT |
| SRL16E     |  183 |  Distributed Memory |
| SRLC32E    |  113 |  Distributed Memory |
| CARRY4     |  107 |          CarryLogic |
| FDSE       |   72 |        Flop & Latch |
| MUXF7      |   50 |               MuxFx |
| FDPE       |   47 |        Flop & Latch |
| OBUF       |   25 |                  IO |
| IBUFDS     |   16 |                  IO |
| IBUF       |   16 |                  IO |
| LDCE       |   15 |        Flop & Latch |
| IDELAYE2   |   15 |                  IO |
| ISERDESE2  |   14 |                  IO |
| BUFG       |   12 |               Clock |
| OSERDESE2  |   10 |                  IO |
| OBUFDS     |   10 |                  IO |
| MUXF8      |    9 |               MuxFx |
| RAMB36E1   |    5 |        Block Memory |
| SRLC16E    |    2 |  Distributed Memory |
| MMCME2_ADV |    2 |               Clock |
| RAMB18E1   |    1 |        Block Memory |
| IDELAYCTRL |    1 |                  IO |
+------------+------+---------------------+


8. Black Boxes
--------------

+------------------------+------+
|        Ref Name        | Used |
+------------------------+------+
| duc_srrc               |    1 |
| duc_imf3               |    1 |
| duc_imf2               |    1 |
| duc_imf1               |    1 |
| dds_duc                |    1 |
| dds_ddc                |    1 |
| ddc_srrc               |    1 |
| ddc_imf2               |    1 |
| ddc_imf1               |    1 |
| dbg_hub_CV             |    1 |
| dac3283_init_mem       |    1 |
| complex_multiplier_DUC |    1 |
| complex_multiplier     |    1 |
| cdce72010_init_mem_int |    1 |
| cdce72010_init_mem_ext |    1 |
| amc7823_init_mem       |    1 |
| ads62p49_init_mem      |    1 |
| SP_DDS                 |    1 |
| DDS                    |    1 |
+------------------------+------+


9. Instantiated Netlists
------------------------

+----------+------+
| Ref Name | Used |
+----------+------+


