Copyright 1986-2014 Xilinx, Inc. All Rights Reserved.
-----------------------------------------------------------------------------------------------------------------------
| Tool Version : Vivado v.2014.2 (win64) Build 928826 Thu Jun  5 18:17:50 MDT 2014
| Date         : Sat Jun 07 13:10:55 2014
| Host         : XCOJAMESM22 running 64-bit Service Pack 1  (build 7601)
| Command      : report_utilization -file system_wrapper_utilization_synth.rpt -pb system_wrapper_utilization_synth.pb
| Design       : system_wrapper
| Device       : xc7k325t
| Design State : Synthesized
-----------------------------------------------------------------------------------------------------------------------

Utilization Design Information

Table of Contents
-----------------
1. Slice Logic
2. Memory
3. DSP
4. IO and GT Specific
5. Clocking
6. Specific Feature
7. Primitives
8. Black Boxes
9. Instantiated Netlists

1. Slice Logic
--------------

+----------------------------+------+-------+-----------+-------+
|          Site Type         | Used | Fixed | Available | Util% |
+----------------------------+------+-------+-----------+-------+
| Slice LUTs*                | 4316 |     0 |    203800 |  2.11 |
|   LUT as Logic             | 4033 |     0 |    203800 |  1.97 |
|   LUT as Memory            |  283 |     0 |     64000 |  0.44 |
|     LUT as Distributed RAM |  144 |     0 |           |       |
|     LUT as Shift Register  |  139 |     0 |           |       |
| Slice Registers            | 8528 |     0 |    407600 |  2.09 |
|   Register as Flip Flop    | 8528 |     0 |    407600 |  2.09 |
|   Register as Latch        |    0 |     0 |    407600 |  0.00 |
| F7 Muxes                   |  143 |     0 |    101900 |  0.14 |
| F8 Muxes                   |    5 |     0 |     50950 | <0.01 |
+----------------------------+------+-------+-----------+-------+
* Warning! The Final LUT count, after physical optimizations and full implementation, is typically lower. Run opt_design after synthesis, if not already completed, for a more realistic count.


2. Memory
---------

+-------------------+------+-------+-----------+-------+
|     Site Type     | Used | Fixed | Available | Util% |
+-------------------+------+-------+-----------+-------+
| Block RAM Tile    |   35 |     0 |       445 |  7.86 |
|   RAMB36/FIFO*    |   34 |     0 |       445 |  7.64 |
|     RAMB36E1 only |   34 |       |           |       |
|   RAMB18          |    2 |     0 |       890 |  0.22 |
|     RAMB18E1 only |    2 |       |           |       |
+-------------------+------+-------+-----------+-------+
* Note: Each Block RAM Tile only has one FIFO logic available and therefore can accommodate only one FIFO36E1 or one FIFO18E1. However, if a FIFO18E1 occupies a Block RAM Tile, that tile can still accommodate a RAMB18E1


3. DSP
------

+-----------+------+-------+-----------+-------+
| Site Type | Used | Fixed | Available | Util% |
+-----------+------+-------+-----------+-------+
| DSPs      |    0 |     0 |       840 |  0.00 |
+-----------+------+-------+-----------+-------+


4. IO and GT Specific
---------------------

+-----------------------------+------+-------+-----------+-------+
|          Site Type          | Used | Fixed | Available | Util% |
+-----------------------------+------+-------+-----------+-------+
| Bonded IOB                  |   28 |     0 |       500 |  5.60 |
| Bonded IPADs                |    0 |     0 |        50 |  0.00 |
| Bonded OPADs                |    0 |     0 |        32 |  0.00 |
| PHY_CONTROL                 |    0 |     0 |        10 |  0.00 |
| PHASER_REF                  |    0 |     0 |        10 |  0.00 |
| OUT_FIFO                    |    0 |     0 |        40 |  0.00 |
| IN_FIFO                     |    0 |     0 |        40 |  0.00 |
| IDELAYCTRL                  |    0 |     0 |        10 |  0.00 |
| IBUFGDS                     |    0 |     0 |       480 |  0.00 |
| GTXE2_CHANNEL               |    0 |     0 |        16 |  0.00 |
| PHASER_OUT/PHASER_OUT_PHY   |    0 |     0 |        40 |  0.00 |
| PHASER_IN/PHASER_IN_PHY     |    0 |     0 |        40 |  0.00 |
| IDELAYE2/IDELAYE2_FINEDELAY |    0 |     0 |       500 |  0.00 |
| ODELAYE2/ODELAYE2_FINEDELAY |    0 |     0 |       150 |  0.00 |
| IBUFDS_GTE2                 |    0 |     0 |         8 |  0.00 |
| ILOGIC                      |    0 |     0 |       500 |  0.00 |
| OLOGIC                      |    1 |     0 |       500 |  0.20 |
|   ODDR                      |    1 |       |           |       |
+-----------------------------+------+-------+-----------+-------+


5. Clocking
-----------

+------------+------+-------+-----------+-------+
|  Site Type | Used | Fixed | Available | Util% |
+------------+------+-------+-----------+-------+
| BUFGCTRL   |    5 |     0 |        32 | 15.62 |
| BUFIO      |    0 |     0 |        40 |  0.00 |
| MMCME2_ADV |    1 |     0 |        10 | 10.00 |
| PLLE2_ADV  |    0 |     0 |        10 |  0.00 |
| BUFMRCE    |    0 |     0 |        20 |  0.00 |
| BUFHCE     |    0 |     0 |       168 |  0.00 |
| BUFR       |    0 |     0 |        40 |  0.00 |
+------------+------+-------+-----------+-------+


6. Specific Feature
-------------------

+-------------+------+-------+-----------+--------+
|  Site Type  | Used | Fixed | Available |  Util% |
+-------------+------+-------+-----------+--------+
| BSCANE2     |    1 |     0 |         4 |  25.00 |
| CAPTUREE2   |    0 |     0 |         1 |   0.00 |
| DNA_PORT    |    0 |     0 |         1 |   0.00 |
| EFUSE_USR   |    0 |     0 |         1 |   0.00 |
| FRAME_ECCE2 |    0 |     0 |         1 |   0.00 |
| ICAPE2      |    1 |     0 |         2 |  50.00 |
| PCIE_2_1    |    0 |     0 |         1 |   0.00 |
| STARTUPE2   |    1 |     0 |         1 | 100.00 |
| XADC        |    0 |     0 |         1 |   0.00 |
+-------------+------+-------+-----------+--------+


7. Primitives
-------------

+------------+------+---------------------+
|  Ref Name  | Used | Functional Category |
+------------+------+---------------------+
| FDRE       | 7753 |        Flop & Latch |
| LUT6       | 2057 |                 LUT |
| LUT5       |  801 |                 LUT |
| LUT3       |  705 |                 LUT |
| FDCE       |  564 |        Flop & Latch |
| LUT2       |  542 |                 LUT |
| LUT4       |  529 |                 LUT |
| RAMD32     |  184 |  Distributed Memory |
| MUXF7      |  143 |               MuxFx |
| SRL16E     |  132 |  Distributed Memory |
| FDSE       |  125 |        Flop & Latch |
| CARRY4     |  109 |          CarryLogic |
| LUT1       |   89 |                 LUT |
| FDPE       |   86 |        Flop & Latch |
| RAMS32     |   40 |  Distributed Memory |
| RAMB36E1   |   34 |        Block Memory |
| IBUF       |   16 |                  IO |
| OBUF       |   10 |                  IO |
| SRLC16E    |    7 |  Distributed Memory |
| OBUFT      |    5 |                  IO |
| MUXF8      |    5 |               MuxFx |
| BUFG       |    5 |               Clock |
| RAMB18E1   |    2 |        Block Memory |
| STARTUPE2  |    1 |              Others |
| ODDR       |    1 |                  IO |
| MMCME2_ADV |    1 |               Clock |
| ICAPE2     |    1 |              Others |
| IBUFDS     |    1 |                  IO |
| BSCANE2    |    1 |              Others |
| AND2B1L    |    1 |              Others |
+------------+------+---------------------+


8. Black Boxes
--------------

+----------+------+
| Ref Name | Used |
+----------+------+


9. Instantiated Netlists
------------------------

+----------+------+
| Ref Name | Used |
+----------+------+


